(16)[scene file="ScenarioDebugger" ]
(16)[scene file="ScenarioDebugger" ]
(4)[call file=wide/libs/utils]
(3)[calc exp="select.num=0"]
(4)[calc exp="select.image_y=200"]
(6)[macro name="select_new" ]
(10)[calc exp="select.num={select.num}+1"]
(11)[calc exp="select.image_y={select.image_y}-50"]
(13)[button_new storage="button" layer=ui name="button_select_{select.num}" val="{mp.text}" tag="select_button" x=0 y={select.image_y} width=500 height=40 sort=5 fontsize=14 layer=front]
(19)[evt name="button_select_{select.num}" act="click" target="*click_select" caller_file="{mp.caller_file}" jumpfile="{mp.caller_file}" select_target="{mp.target}" ]
(21)[endmacro]
(25)[macro name="select_show"]
(27)[image_show time=0.2 tag=select_button ]
(29)[s]
(31)[label name='click_select' ]
(32)[evt_stop]
(33)[if exp="{mp.sound|none}!=none" ]
(34)[playse storage={mp.sound}]
(35)[endif]
(36)[anim name={evt.caller_name} scale=1.5]
(37)[image_hide tag="select_button"]
(38)[image_remove tag="select_button"]
(42)[calc exp="select.num=0"]
(43)[calc exp="select.image_y=200"]
(45)[evt_resume]
(46)[return file="{evt.jumpfile}" target="{evt.select_target}"]
(48)[endmacro]
(7)[showmessage]
(8)[call file=wide/system target="*system_setting_buttons"]
(6)[button_new name="button_skip" tag="message_button" x=80 y=-140 scale=0.7 sort=5 layer=ui storage="skip"]
(7)[button_new name="button_auto" tag="message_button" x=150 y=-140 scale=0.7 sort=5 layer=ui storage="auto"]
(8)[button_new name="button_log" tag="message_button" x=220 y=-140 scale=0.7 sort=5 layer=ui storage="log"]
(14)[button_new name="_sp_button_close" tag="message_button" x=270 y=-140 sort=5 scale=0.5 layer=ui storage="close"]
(16)[button_show tag="message_button" time=0]
(18)[evt tag="message_button" act="click" target="*click_system_button" ]
(20)[return]
(9)[text_new name=_sp_chara_name layer=ui x="-168" y=-150 val="" color="000000" fontsize=14 anchor="MiddleLeft"]
(10)[text_show name="_sp_chara_name"]
(12)[talk_name val='説明' ]
(14)[story val="スクリプト記述のサンプル（基本的な書式について）"]
(14)[p]
(16)[story val="スクリプト内の改行は無視されます。"]
(17)[story val="通常の改行は\[r\]コマンド、"]
(17)[r]
(18)[story val="\[p\]コマンドを使うとパラグラフになります（改行かつ入力待ち）"]
(18)[p]
(20)[story val="行の途中で\[l\]コマンドを使うことで"]
(20)[r]
(21)[story val="その位置で入力待ちになり、"]
(21)[l]
(21)[story val="入力操作で次のコマンドに進みます"]
(21)[p]
(23)[story val="// ; 空白以外の文字が前にあるセミコロンは"]
(23)[r]
(24)[story val="コメント扱いになりません。"]
(24)[p]
(26)[story val="「\/\*」と「\*\/」で囲んだ部分はブロックコメントになります"]
(26)[r]
(33)[story val="長いコメントや、一時的に外したいシナリオ部分がある場合に"]
(33)[r]
(34)[story val="使用してください。"]
(34)[p]
(36)[story val="\[\]\*\;\\等のコマンド等に使う特殊文字を表示する場合は、"]
(36)[r]
(37)[story val="それらの前に「\\」を入れることで"]
(37)[r]
(38)[story val="ゲーム中に表示することができます。"]
(38)[p]
(39)[story val="ただし、現在半角二重引用符「”」の半角は処理がうまくできず"]
(39)[r]
(40)[story val="表示が乱れます"]
(40)[r]
(41)[story val="全角文字で代用するなどの対応をしてください"]
(41)[p]
(45)[scene file="ScenarioDebugger" ]
